<?xml version="1.0" encoding="UTF-8"?>
<!-- Generated by org.testng.reporters.JUnitReportReporter -->
<testsuite hostname="EPINHYDW12A1" failures="2" tests="8" name="runners.UIRunnerTest" time="77.992" errors="0" timestamp="2025-04-23T13:44:08 IST" skipped="0">
  <testcase classname="runners.UIRunnerTest" name="runScenario" time="7.116"/>
  <testcase classname="runners.UIRunnerTest" name="runScenario" time="7.612">
    <failure message="expected [Incorrect email or password. Try again or create an account.] but found [Your account is temporarily locked due to multiple failed login attempts. Please try again later.]" type="java.lang.AssertionError">
      <![CDATA[java.lang.AssertionError: expected [Incorrect email or password. Try again or create an account.] but found [Your account is temporarily locked due to multiple failed login attempts. Please try again later.]
at org.testng.Assert.fail(Assert.java:111)
at org.testng.Assert.failNotEquals(Assert.java:1578)
at org.testng.Assert.assertEqualsImpl(Assert.java:150)
at org.testng.Assert.assertEquals(Assert.java:132)
at org.testng.Assert.assertEquals(Assert.java:656)
at org.testng.Assert.assertEquals(Assert.java:666)
at stepDefinitions.ui.CommonSteps.verifyTheErrorMessage(CommonSteps.java:47)
at ✽.the page will display the error "Incorrect email or password. Try again or create an account." message(file:///C:/Users/gantagari_sushma/Desktop/projec/automation-qa/restaurant-app-testing/src/test/resources/features/ui/signIn.feature:40)
]]>
    </failure>
  </testcase> <!-- runScenario -->
  <testcase classname="runners.UIRunnerTest" name="runScenario" time="16.214"/>
  <testcase classname="runners.UIRunnerTest" name="runScenario" time="9.002"/>
  <testcase classname="runners.UIRunnerTest" name="runScenario" time="8.470"/>
  <testcase classname="runners.UIRunnerTest" name="runScenario" time="7.001"/>
  <testcase classname="runners.UIRunnerTest" name="runScenario" time="9.824"/>
  <testcase classname="runners.UIRunnerTest" name="runScenario" time="12.753">
    <failure message="expected [Incorrect email or password. Try again or create an account.] but found [Your account is temporarily locked due to multiple failed login attempts. Please try again later.]" type="java.lang.AssertionError">
      <![CDATA[java.lang.AssertionError: expected [Incorrect email or password. Try again or create an account.] but found [Your account is temporarily locked due to multiple failed login attempts. Please try again later.]
at org.testng.Assert.fail(Assert.java:111)
at org.testng.Assert.failNotEquals(Assert.java:1578)
at org.testng.Assert.assertEqualsImpl(Assert.java:150)
at org.testng.Assert.assertEquals(Assert.java:132)
at org.testng.Assert.assertEquals(Assert.java:656)
at org.testng.Assert.assertEquals(Assert.java:666)
at stepDefinitions.ui.CommonSteps.verifyTheErrorMessage(CommonSteps.java:47)
at ✽.the page will display the error "Incorrect email or password. Try again or create an account." message(file:///C:/Users/gantagari_sushma/Desktop/projec/automation-qa/restaurant-app-testing/src/test/resources/features/ui/signIn.feature:40)
]]>
    </failure>
  </testcase> <!-- runScenario -->
</testsuite> <!-- runners.UIRunnerTest -->
