<?xml version="1.0" encoding="UTF-8"?>
<!-- Generated by org.testng.reporters.JUnitReportReporter -->
<testsuite hostname="EPINHYDW12A1" failures="3" tests="8" name="runners.UIRunnerTest" time="74.624" errors="0" timestamp="2025-04-23T13:15:19 IST" skipped="0">
  <testcase classname="runners.UIRunnerTest" name="runScenario" time="8.247">
    <failure message="expected [Incorrect email or password. Try again or create an account.] but found [Your account is temporarily locked due to multiple failed login attempts. Please try again later.]" type="java.lang.AssertionError">
      <![CDATA[java.lang.AssertionError: expected [Incorrect email or password. Try again or create an account.] but found [Your account is temporarily locked due to multiple failed login attempts. Please try again later.]
at org.testng.Assert.fail(Assert.java:111)
at org.testng.Assert.failNotEquals(Assert.java:1578)
at org.testng.Assert.assertEqualsImpl(Assert.java:150)
at org.testng.Assert.assertEquals(Assert.java:132)
at org.testng.Assert.assertEquals(Assert.java:656)
at org.testng.Assert.assertEquals(Assert.java:666)
at stepDefinitions.ui.CommonSteps.verifyTheErrorMessage(CommonSteps.java:47)
at ✽.the page will display the error "Incorrect email or password. Try again or create an account." message(file:///C:/Users/gantagari_sushma/Desktop/projec/automation-qa/restaurant-app-testing/src/test/resources/features/ui/signIn.feature:40)
]]>
    </failure>
  </testcase> <!-- runScenario -->
  <testcase classname="runners.UIRunnerTest" name="runScenario" time="8.228"/>
  <testcase classname="runners.UIRunnerTest" name="runScenario" time="11.906">
    <failure message="expected [Incorrect email or password. Try again or create an account.] but found [Your account is temporarily locked due to multiple failed login attempts. Please try again later.]" type="java.lang.AssertionError">
      <![CDATA[java.lang.AssertionError: expected [Incorrect email or password. Try again or create an account.] but found [Your account is temporarily locked due to multiple failed login attempts. Please try again later.]
at org.testng.Assert.fail(Assert.java:111)
at org.testng.Assert.failNotEquals(Assert.java:1578)
at org.testng.Assert.assertEqualsImpl(Assert.java:150)
at org.testng.Assert.assertEquals(Assert.java:132)
at org.testng.Assert.assertEquals(Assert.java:656)
at org.testng.Assert.assertEquals(Assert.java:666)
at stepDefinitions.ui.CommonSteps.verifyTheErrorMessage(CommonSteps.java:47)
at ✽.the page will display the error "Incorrect email or password. Try again or create an account." message(file:///C:/Users/gantagari_sushma/Desktop/projec/automation-qa/restaurant-app-testing/src/test/resources/features/ui/signIn.feature:40)
]]>
    </failure>
  </testcase> <!-- runScenario -->
  <testcase classname="runners.UIRunnerTest" name="runScenario" time="7.091"/>
  <testcase classname="runners.UIRunnerTest" name="runScenario" time="9.681"/>
  <testcase classname="runners.UIRunnerTest" name="runScenario" time="6.775"/>
  <testcase classname="runners.UIRunnerTest" name="runScenario" time="8.205"/>
  <testcase classname="runners.UIRunnerTest" name="runScenario" time="14.491">
    <failure message="expected [Incorrect email or password. Try again or create an account.] but found [Your account is temporarily locked due to multiple failed login attempts. Please try again later.]" type="java.lang.AssertionError">
      <![CDATA[java.lang.AssertionError: expected [Incorrect email or password. Try again or create an account.] but found [Your account is temporarily locked due to multiple failed login attempts. Please try again later.]
at org.testng.Assert.fail(Assert.java:111)
at org.testng.Assert.failNotEquals(Assert.java:1578)
at org.testng.Assert.assertEqualsImpl(Assert.java:150)
at org.testng.Assert.assertEquals(Assert.java:132)
at org.testng.Assert.assertEquals(Assert.java:656)
at org.testng.Assert.assertEquals(Assert.java:666)
at stepDefinitions.ui.CommonSteps.verifyTheErrorMessage(CommonSteps.java:47)
at ✽.the page will display the error "Incorrect email or password. Try again or create an account." message(file:///C:/Users/gantagari_sushma/Desktop/projec/automation-qa/restaurant-app-testing/src/test/resources/features/ui/signIn.feature:40)
]]>
    </failure>
  </testcase> <!-- runScenario -->
</testsuite> <!-- runners.UIRunnerTest -->
